
 /----------------------------------------------------------------------------\
 |                                                                            |
 |  yosys -- Yosys Open SYnthesis Suite                                       |
 |                                                                            |
 |  Copyright (C) 2012 - 2020  Claire Xenia Wolf <claire@yosyshq.com>         |
 |                                                                            |
 |  Permission to use, copy, modify, and/or distribute this software for any  |
 |  purpose with or without fee is hereby granted, provided that the above    |
 |  copyright notice and this permission notice appear in all copies.         |
 |                                                                            |
 |  THE SOFTWARE IS PROVIDED "AS IS" AND THE AUTHOR DISCLAIMS ALL WARRANTIES  |
 |  WITH REGARD TO THIS SOFTWARE INCLUDING ALL IMPLIED WARRANTIES OF          |
 |  MERCHANTABILITY AND FITNESS. IN NO EVENT SHALL THE AUTHOR BE LIABLE FOR   |
 |  ANY SPECIAL, DIRECT, INDIRECT, OR CONSEQUENTIAL DAMAGES OR ANY DAMAGES    |
 |  WHATSOEVER RESULTING FROM LOSS OF USE, DATA OR PROFITS, WHETHER IN AN     |
 |  ACTION OF CONTRACT, NEGLIGENCE OR OTHER TORTIOUS ACTION, ARISING OUT OF   |
 |  OR IN CONNECTION WITH THE USE OR PERFORMANCE OF THIS SOFTWARE.            |
 |                                                                            |
 \----------------------------------------------------------------------------/

 Yosys 0.26+1 (git sha1 b1a011138, x86_64-w64-mingw32-g++ 9.2.1 -Os)


-- Running command `read_verilog -sv ../design/bcd_to_bin.sv ../design/bin_to_bcd.sv ../design/booth_multiplier.sv ../design/debounce.sv ../design/display_mux.sv ../design/hex_to_7seg.sv ../design/keypad_scanner.sv ../design/mult.sv ../design/top.sv ; synth_gowin -top mult -json teclado.json' --

1. Executing Verilog-2005 frontend: ../design/bcd_to_bin.sv
Parsing SystemVerilog input from `../design/bcd_to_bin.sv' to AST representation.
Generating RTLIL representation for module `\bcd_to_bin'.
Successfully finished Verilog frontend.

2. Executing Verilog-2005 frontend: ../design/bin_to_bcd.sv
Parsing SystemVerilog input from `../design/bin_to_bcd.sv' to AST representation.
Generating RTLIL representation for module `\bin_to_bcd'.
Successfully finished Verilog frontend.

3. Executing Verilog-2005 frontend: ../design/booth_multiplier.sv
Parsing SystemVerilog input from `../design/booth_multiplier.sv' to AST representation.
Generating RTLIL representation for module `\booth_multiplier'.
Successfully finished Verilog frontend.

4. Executing Verilog-2005 frontend: ../design/debounce.sv
Parsing SystemVerilog input from `../design/debounce.sv' to AST representation.
Generating RTLIL representation for module `\debounce'.
Successfully finished Verilog frontend.

5. Executing Verilog-2005 frontend: ../design/display_mux.sv
Parsing SystemVerilog input from `../design/display_mux.sv' to AST representation.
Generating RTLIL representation for module `\display_mux'.
Successfully finished Verilog frontend.

6. Executing Verilog-2005 frontend: ../design/hex_to_7seg.sv
Parsing SystemVerilog input from `../design/hex_to_7seg.sv' to AST representation.
Generating RTLIL representation for module `\hex_to_7seg'.
Successfully finished Verilog frontend.

7. Executing Verilog-2005 frontend: ../design/keypad_scanner.sv
Parsing SystemVerilog input from `../design/keypad_scanner.sv' to AST representation.
Generating RTLIL representation for module `\keypad_scanner'.
Successfully finished Verilog frontend.

8. Executing Verilog-2005 frontend: ../design/mult.sv
Parsing SystemVerilog input from `../design/mult.sv' to AST representation.
Generating RTLIL representation for module `\mult'.
Successfully finished Verilog frontend.

9. Executing Verilog-2005 frontend: ../design/top.sv
Parsing SystemVerilog input from `../design/top.sv' to AST representation.
Warning: Literal has a width of 8 bit, but value requires 12 bit. (../design/top.sv:157)
Warning: Literal has a width of 8 bit, but value requires 12 bit. (../design/top.sv:159)
Warning: Literal has a width of 8 bit, but value requires 12 bit. (../design/top.sv:163)
Warning: Literal has a width of 8 bit, but value requires 12 bit. (../design/top.sv:165)
Generating RTLIL representation for module `\top'.
Successfully finished Verilog frontend.

10. Executing SYNTH_GOWIN pass.

10.1. Executing Verilog-2005 frontend: c:\Users\Abner\DOWNLO~1\OSS-CA~1\bin\../share/yosys/gowin/cells_sim.v
Parsing Verilog input from `c:\Users\Abner\DOWNLO~1\OSS-CA~1\bin\../share/yosys/gowin/cells_sim.v' to AST representation.
Generating RTLIL representation for module `\LUT1'.
Generating RTLIL representation for module `\LUT2'.
Generating RTLIL representation for module `\LUT3'.
Generating RTLIL representation for module `\LUT4'.
Generating RTLIL representation for module `\__APICULA_LUT5'.
Generating RTLIL representation for module `\__APICULA_LUT6'.
Generating RTLIL representation for module `\__APICULA_LUT7'.
Generating RTLIL representation for module `\__APICULA_LUT8'.
Generating RTLIL representation for module `\MUX2'.
Generating RTLIL representation for module `\MUX2_LUT5'.
Generating RTLIL representation for module `\MUX2_LUT6'.
Generating RTLIL representation for module `\MUX2_LUT7'.
Generating RTLIL representation for module `\MUX2_LUT8'.
Generating RTLIL representation for module `\DFF'.
Generating RTLIL representation for module `\DFFE'.
Generating RTLIL representation for module `\DFFS'.
Generating RTLIL representation for module `\DFFSE'.
Generating RTLIL representation for module `\DFFR'.
Generating RTLIL representation for module `\DFFRE'.
Generating RTLIL representation for module `\DFFP'.
Generating RTLIL representation for module `\DFFPE'.
Generating RTLIL representation for module `\DFFC'.
Generating RTLIL representation for module `\DFFCE'.
Generating RTLIL representation for module `\DFFN'.
Generating RTLIL representation for module `\DFFNE'.
Generating RTLIL representation for module `\DFFNS'.
Generating RTLIL representation for module `\DFFNSE'.
Generating RTLIL representation for module `\DFFNR'.
Generating RTLIL representation for module `\DFFNRE'.
Generating RTLIL representation for module `\DFFNP'.
Generating RTLIL representation for module `\DFFNPE'.
Generating RTLIL representation for module `\DFFNC'.
Generating RTLIL representation for module `\DFFNCE'.
Generating RTLIL representation for module `\VCC'.
Generating RTLIL representation for module `\GND'.
Generating RTLIL representation for module `\IBUF'.
Generating RTLIL representation for module `\OBUF'.
Generating RTLIL representation for module `\TBUF'.
Generating RTLIL representation for module `\IOBUF'.
Generating RTLIL representation for module `\TLVDS_OBUF'.
Generating RTLIL representation for module `\ODDR'.
Generating RTLIL representation for module `\ODDRC'.
Generating RTLIL representation for module `\GSR'.
Generating RTLIL representation for module `\ALU'.
Generating RTLIL representation for module `\RAM16S1'.
Generating RTLIL representation for module `\RAM16S2'.
Generating RTLIL representation for module `\RAM16S4'.
Generating RTLIL representation for module `\RAM16SDP1'.
Generating RTLIL representation for module `\RAM16SDP2'.
Generating RTLIL representation for module `\RAM16SDP4'.
Generating RTLIL representation for module `\SP'.
Generating RTLIL representation for module `\SPX9'.
Generating RTLIL representation for module `\SDP'.
Generating RTLIL representation for module `\SDPX9'.
Generating RTLIL representation for module `\DP'.
Generating RTLIL representation for module `\DPX9'.
Generating RTLIL representation for module `\rPLL'.
Generating RTLIL representation for module `\PLLVR'.
Generating RTLIL representation for module `\OSC'.
Generating RTLIL representation for module `\OSCZ'.
Generating RTLIL representation for module `\OSCF'.
Generating RTLIL representation for module `\OSCH'.
Successfully finished Verilog frontend.

10.2. Executing HIERARCHY pass (managing design hierarchy).

10.2.1. Analyzing design hierarchy..
Top module:  \mult

10.2.2. Analyzing design hierarchy..
Top module:  \mult
Removing unused module `\top'.
Removing unused module `\keypad_scanner'.
Removing unused module `\hex_to_7seg'.
Removing unused module `\display_mux'.
Removing unused module `\debounce'.
Removing unused module `\booth_multiplier'.
Removing unused module `\bin_to_bcd'.
Removing unused module `\bcd_to_bin'.
Removed 8 unused modules.

10.3. Executing PROC pass (convert processes to netlists).

10.3.1. Executing PROC_CLEAN pass (remove empty switches from decision trees).
Found and cleaned up 1 empty switch in `\ALU.$proc$c:\Users\Abner\DOWNLO~1\OSS-CA~1\bin\../share/yosys/gowin/cells_sim.v:661$342'.
Cleaned up 1 empty switch.

10.3.2. Executing PROC_RMDEAD pass (remove dead branches from decision trees).
Marked 1 switch rules as full_case in process $proc$c:\Users\Abner\DOWNLO~1\OSS-CA~1\bin\../share/yosys/gowin/cells_sim.v:535$338 in module DFFNCE.
Marked 1 switch rules as full_case in process $proc$c:\Users\Abner\DOWNLO~1\OSS-CA~1\bin\../share/yosys/gowin/cells_sim.v:515$336 in module DFFNC.
Marked 1 switch rules as full_case in process $proc$c:\Users\Abner\DOWNLO~1\OSS-CA~1\bin\../share/yosys/gowin/cells_sim.v:496$334 in module DFFNPE.
Marked 1 switch rules as full_case in process $proc$c:\Users\Abner\DOWNLO~1\OSS-CA~1\bin\../share/yosys/gowin/cells_sim.v:476$332 in module DFFNP.
Marked 1 switch rules as full_case in process $proc$c:\Users\Abner\DOWNLO~1\OSS-CA~1\bin\../share/yosys/gowin/cells_sim.v:457$330 in module DFFNRE.
Marked 1 switch rules as full_case in process $proc$c:\Users\Abner\DOWNLO~1\OSS-CA~1\bin\../share/yosys/gowin/cells_sim.v:437$328 in module DFFNR.
Marked 1 switch rules as full_case in process $proc$c:\Users\Abner\DOWNLO~1\OSS-CA~1\bin\../share/yosys/gowin/cells_sim.v:418$326 in module DFFNSE.
Marked 1 switch rules as full_case in process $proc$c:\Users\Abner\DOWNLO~1\OSS-CA~1\bin\../share/yosys/gowin/cells_sim.v:398$324 in module DFFNS.
Marked 1 switch rules as full_case in process $proc$c:\Users\Abner\DOWNLO~1\OSS-CA~1\bin\../share/yosys/gowin/cells_sim.v:348$318 in module DFFCE.
Marked 1 switch rules as full_case in process $proc$c:\Users\Abner\DOWNLO~1\OSS-CA~1\bin\../share/yosys/gowin/cells_sim.v:328$316 in module DFFC.
Marked 1 switch rules as full_case in process $proc$c:\Users\Abner\DOWNLO~1\OSS-CA~1\bin\../share/yosys/gowin/cells_sim.v:309$314 in module DFFPE.
Marked 1 switch rules as full_case in process $proc$c:\Users\Abner\DOWNLO~1\OSS-CA~1\bin\../share/yosys/gowin/cells_sim.v:289$312 in module DFFP.
Marked 1 switch rules as full_case in process $proc$c:\Users\Abner\DOWNLO~1\OSS-CA~1\bin\../share/yosys/gowin/cells_sim.v:270$310 in module DFFRE.
Marked 1 switch rules as full_case in process $proc$c:\Users\Abner\DOWNLO~1\OSS-CA~1\bin\../share/yosys/gowin/cells_sim.v:250$308 in module DFFR.
Marked 1 switch rules as full_case in process $proc$c:\Users\Abner\DOWNLO~1\OSS-CA~1\bin\../share/yosys/gowin/cells_sim.v:231$306 in module DFFSE.
Marked 1 switch rules as full_case in process $proc$c:\Users\Abner\DOWNLO~1\OSS-CA~1\bin\../share/yosys/gowin/cells_sim.v:211$304 in module DFFS.
Marked 2 switch rules as full_case in process $proc$../design/mult.sv:50$87 in module mult.
Marked 1 switch rules as full_case in process $proc$../design/mult.sv:0$84 in module mult.
Marked 1 switch rules as full_case in process $proc$../design/mult.sv:29$83 in module mult.
Removed a total of 0 dead cases.

10.3.3. Executing PROC_PRUNE pass (remove redundant assignments in processes).
Removed 8 redundant assignments.
Promoted 27 assignments to connections.

10.3.4. Executing PROC_INIT pass (extract init attributes).
Found init rule in `\DFFNCE.$proc$c:\Users\Abner\DOWNLO~1\OSS-CA~1\bin\../share/yosys/gowin/cells_sim.v:0$339'.
  Set init value: \Q = 1'0
Found init rule in `\DFFNC.$proc$c:\Users\Abner\DOWNLO~1\OSS-CA~1\bin\../share/yosys/gowin/cells_sim.v:0$337'.
  Set init value: \Q = 1'0
Found init rule in `\DFFNPE.$proc$c:\Users\Abner\DOWNLO~1\OSS-CA~1\bin\../share/yosys/gowin/cells_sim.v:0$335'.
  Set init value: \Q = 1'1
Found init rule in `\DFFNP.$proc$c:\Users\Abner\DOWNLO~1\OSS-CA~1\bin\../share/yosys/gowin/cells_sim.v:0$333'.
  Set init value: \Q = 1'1
Found init rule in `\DFFNRE.$proc$c:\Users\Abner\DOWNLO~1\OSS-CA~1\bin\../share/yosys/gowin/cells_sim.v:0$331'.
  Set init value: \Q = 1'0
Found init rule in `\DFFNR.$proc$c:\Users\Abner\DOWNLO~1\OSS-CA~1\bin\../share/yosys/gowin/cells_sim.v:0$329'.
  Set init value: \Q = 1'0
Found init rule in `\DFFNSE.$proc$c:\Users\Abner\DOWNLO~1\OSS-CA~1\bin\../share/yosys/gowin/cells_sim.v:0$327'.
  Set init value: \Q = 1'1
Found init rule in `\DFFNS.$proc$c:\Users\Abner\DOWNLO~1\OSS-CA~1\bin\../share/yosys/gowin/cells_sim.v:0$325'.
  Set init value: \Q = 1'1
Found init rule in `\DFFNE.$proc$c:\Users\Abner\DOWNLO~1\OSS-CA~1\bin\../share/yosys/gowin/cells_sim.v:0$323'.
  Set init value: \Q = 1'0
Found init rule in `\DFFN.$proc$c:\Users\Abner\DOWNLO~1\OSS-CA~1\bin\../share/yosys/gowin/cells_sim.v:0$321'.
  Set init value: \Q = 1'0
Found init rule in `\DFFCE.$proc$c:\Users\Abner\DOWNLO~1\OSS-CA~1\bin\../share/yosys/gowin/cells_sim.v:0$319'.
  Set init value: \Q = 1'0
Found init rule in `\DFFC.$proc$c:\Users\Abner\DOWNLO~1\OSS-CA~1\bin\../share/yosys/gowin/cells_sim.v:0$317'.
  Set init value: \Q = 1'0
Found init rule in `\DFFPE.$proc$c:\Users\Abner\DOWNLO~1\OSS-CA~1\bin\../share/yosys/gowin/cells_sim.v:0$315'.
  Set init value: \Q = 1'1
Found init rule in `\DFFP.$proc$c:\Users\Abner\DOWNLO~1\OSS-CA~1\bin\../share/yosys/gowin/cells_sim.v:0$313'.
  Set init value: \Q = 1'1
Found init rule in `\DFFRE.$proc$c:\Users\Abner\DOWNLO~1\OSS-CA~1\bin\../share/yosys/gowin/cells_sim.v:0$311'.
  Set init value: \Q = 1'0
Found init rule in `\DFFR.$proc$c:\Users\Abner\DOWNLO~1\OSS-CA~1\bin\../share/yosys/gowin/cells_sim.v:0$309'.
  Set init value: \Q = 1'0
Found init rule in `\DFFSE.$proc$c:\Users\Abner\DOWNLO~1\OSS-CA~1\bin\../share/yosys/gowin/cells_sim.v:0$307'.
  Set init value: \Q = 1'1
Found init rule in `\DFFS.$proc$c:\Users\Abner\DOWNLO~1\OSS-CA~1\bin\../share/yosys/gowin/cells_sim.v:0$305'.
  Set init value: \Q = 1'1
Found init rule in `\DFFE.$proc$c:\Users\Abner\DOWNLO~1\OSS-CA~1\bin\../share/yosys/gowin/cells_sim.v:0$303'.
  Set init value: \Q = 1'0
Found init rule in `\DFF.$proc$c:\Users\Abner\DOWNLO~1\OSS-CA~1\bin\../share/yosys/gowin/cells_sim.v:0$301'.
  Set init value: \Q = 1'0

10.3.5. Executing PROC_ARST pass (detect async resets in processes).
Found async reset \CLEAR in `\DFFNCE.$proc$c:\Users\Abner\DOWNLO~1\OSS-CA~1\bin\../share/yosys/gowin/cells_sim.v:535$338'.
Found async reset \CLEAR in `\DFFNC.$proc$c:\Users\Abner\DOWNLO~1\OSS-CA~1\bin\../share/yosys/gowin/cells_sim.v:515$336'.
Found async reset \PRESET in `\DFFNPE.$proc$c:\Users\Abner\DOWNLO~1\OSS-CA~1\bin\../share/yosys/gowin/cells_sim.v:496$334'.
Found async reset \PRESET in `\DFFNP.$proc$c:\Users\Abner\DOWNLO~1\OSS-CA~1\bin\../share/yosys/gowin/cells_sim.v:476$332'.
Found async reset \CLEAR in `\DFFCE.$proc$c:\Users\Abner\DOWNLO~1\OSS-CA~1\bin\../share/yosys/gowin/cells_sim.v:348$318'.
Found async reset \CLEAR in `\DFFC.$proc$c:\Users\Abner\DOWNLO~1\OSS-CA~1\bin\../share/yosys/gowin/cells_sim.v:328$316'.
Found async reset \PRESET in `\DFFPE.$proc$c:\Users\Abner\DOWNLO~1\OSS-CA~1\bin\../share/yosys/gowin/cells_sim.v:309$314'.
Found async reset \PRESET in `\DFFP.$proc$c:\Users\Abner\DOWNLO~1\OSS-CA~1\bin\../share/yosys/gowin/cells_sim.v:289$312'.
Found async reset \rst in `\mult.$proc$../design/mult.sv:50$87'.
Found async reset \rst in `\mult.$proc$../design/mult.sv:29$83'.

10.3.6. Executing PROC_ROM pass (convert switches to ROMs).
Converted 0 switches.
<suppressed ~23 debug messages>

10.3.7. Executing PROC_MUX pass (convert decision trees to multiplexers).
Creating decoders for process `\ALU.$proc$c:\Users\Abner\DOWNLO~1\OSS-CA~1\bin\../share/yosys/gowin/cells_sim.v:661$342'.
Creating decoders for process `\DFFNCE.$proc$c:\Users\Abner\DOWNLO~1\OSS-CA~1\bin\../share/yosys/gowin/cells_sim.v:0$339'.
Creating decoders for process `\DFFNCE.$proc$c:\Users\Abner\DOWNLO~1\OSS-CA~1\bin\../share/yosys/gowin/cells_sim.v:535$338'.
     1/1: $0\Q[0:0]
Creating decoders for process `\DFFNC.$proc$c:\Users\Abner\DOWNLO~1\OSS-CA~1\bin\../share/yosys/gowin/cells_sim.v:0$337'.
Creating decoders for process `\DFFNC.$proc$c:\Users\Abner\DOWNLO~1\OSS-CA~1\bin\../share/yosys/gowin/cells_sim.v:515$336'.
     1/1: $0\Q[0:0]
Creating decoders for process `\DFFNPE.$proc$c:\Users\Abner\DOWNLO~1\OSS-CA~1\bin\../share/yosys/gowin/cells_sim.v:0$335'.
Creating decoders for process `\DFFNPE.$proc$c:\Users\Abner\DOWNLO~1\OSS-CA~1\bin\../share/yosys/gowin/cells_sim.v:496$334'.
     1/1: $0\Q[0:0]
Creating decoders for process `\DFFNP.$proc$c:\Users\Abner\DOWNLO~1\OSS-CA~1\bin\../share/yosys/gowin/cells_sim.v:0$333'.
Creating decoders for process `\DFFNP.$proc$c:\Users\Abner\DOWNLO~1\OSS-CA~1\bin\../share/yosys/gowin/cells_sim.v:476$332'.
     1/1: $0\Q[0:0]
Creating decoders for process `\DFFNRE.$proc$c:\Users\Abner\DOWNLO~1\OSS-CA~1\bin\../share/yosys/gowin/cells_sim.v:0$331'.
Creating decoders for process `\DFFNRE.$proc$c:\Users\Abner\DOWNLO~1\OSS-CA~1\bin\../share/yosys/gowin/cells_sim.v:457$330'.
     1/1: $0\Q[0:0]
Creating decoders for process `\DFFNR.$proc$c:\Users\Abner\DOWNLO~1\OSS-CA~1\bin\../share/yosys/gowin/cells_sim.v:0$329'.
Creating decoders for process `\DFFNR.$proc$c:\Users\Abner\DOWNLO~1\OSS-CA~1\bin\../share/yosys/gowin/cells_sim.v:437$328'.
     1/1: $0\Q[0:0]
Creating decoders for process `\DFFNSE.$proc$c:\Users\Abner\DOWNLO~1\OSS-CA~1\bin\../share/yosys/gowin/cells_sim.v:0$327'.
Creating decoders for process `\DFFNSE.$proc$c:\Users\Abner\DOWNLO~1\OSS-CA~1\bin\../share/yosys/gowin/cells_sim.v:418$326'.
     1/1: $0\Q[0:0]
Creating decoders for process `\DFFNS.$proc$c:\Users\Abner\DOWNLO~1\OSS-CA~1\bin\../share/yosys/gowin/cells_sim.v:0$325'.
Creating decoders for process `\DFFNS.$proc$c:\Users\Abner\DOWNLO~1\OSS-CA~1\bin\../share/yosys/gowin/cells_sim.v:398$324'.
     1/1: $0\Q[0:0]
Creating decoders for process `\DFFNE.$proc$c:\Users\Abner\DOWNLO~1\OSS-CA~1\bin\../share/yosys/gowin/cells_sim.v:0$323'.
Creating decoders for process `\DFFNE.$proc$c:\Users\Abner\DOWNLO~1\OSS-CA~1\bin\../share/yosys/gowin/cells_sim.v:381$322'.
     1/1: $0\Q[0:0]
Creating decoders for process `\DFFN.$proc$c:\Users\Abner\DOWNLO~1\OSS-CA~1\bin\../share/yosys/gowin/cells_sim.v:0$321'.
Creating decoders for process `\DFFN.$proc$c:\Users\Abner\DOWNLO~1\OSS-CA~1\bin\../share/yosys/gowin/cells_sim.v:366$320'.
Creating decoders for process `\DFFCE.$proc$c:\Users\Abner\DOWNLO~1\OSS-CA~1\bin\../share/yosys/gowin/cells_sim.v:0$319'.
Creating decoders for process `\DFFCE.$proc$c:\Users\Abner\DOWNLO~1\OSS-CA~1\bin\../share/yosys/gowin/cells_sim.v:348$318'.
     1/1: $0\Q[0:0]
Creating decoders for process `\DFFC.$proc$c:\Users\Abner\DOWNLO~1\OSS-CA~1\bin\../share/yosys/gowin/cells_sim.v:0$317'.
Creating decoders for process `\DFFC.$proc$c:\Users\Abner\DOWNLO~1\OSS-CA~1\bin\../share/yosys/gowin/cells_sim.v:328$316'.
     1/1: $0\Q[0:0]
Creating decoders for process `\DFFPE.$proc$c:\Users\Abner\DOWNLO~1\OSS-CA~1\bin\../share/yosys/gowin/cells_sim.v:0$315'.
Creating decoders for process `\DFFPE.$proc$c:\Users\Abner\DOWNLO~1\OSS-CA~1\bin\../share/yosys/gowin/cells_sim.v:309$314'.
     1/1: $0\Q[0:0]
Creating decoders for process `\DFFP.$proc$c:\Users\Abner\DOWNLO~1\OSS-CA~1\bin\../share/yosys/gowin/cells_sim.v:0$313'.
Creating decoders for process `\DFFP.$proc$c:\Users\Abner\DOWNLO~1\OSS-CA~1\bin\../share/yosys/gowin/cells_sim.v:289$312'.
     1/1: $0\Q[0:0]
Creating decoders for process `\DFFRE.$proc$c:\Users\Abner\DOWNLO~1\OSS-CA~1\bin\../share/yosys/gowin/cells_sim.v:0$311'.
Creating decoders for process `\DFFRE.$proc$c:\Users\Abner\DOWNLO~1\OSS-CA~1\bin\../share/yosys/gowin/cells_sim.v:270$310'.
     1/1: $0\Q[0:0]
Creating decoders for process `\DFFR.$proc$c:\Users\Abner\DOWNLO~1\OSS-CA~1\bin\../share/yosys/gowin/cells_sim.v:0$309'.
Creating decoders for process `\DFFR.$proc$c:\Users\Abner\DOWNLO~1\OSS-CA~1\bin\../share/yosys/gowin/cells_sim.v:250$308'.
     1/1: $0\Q[0:0]
Creating decoders for process `\DFFSE.$proc$c:\Users\Abner\DOWNLO~1\OSS-CA~1\bin\../share/yosys/gowin/cells_sim.v:0$307'.
Creating decoders for process `\DFFSE.$proc$c:\Users\Abner\DOWNLO~1\OSS-CA~1\bin\../share/yosys/gowin/cells_sim.v:231$306'.
     1/1: $0\Q[0:0]
Creating decoders for process `\DFFS.$proc$c:\Users\Abner\DOWNLO~1\OSS-CA~1\bin\../share/yosys/gowin/cells_sim.v:0$305'.
Creating decoders for process `\DFFS.$proc$c:\Users\Abner\DOWNLO~1\OSS-CA~1\bin\../share/yosys/gowin/cells_sim.v:211$304'.
     1/1: $0\Q[0:0]
Creating decoders for process `\DFFE.$proc$c:\Users\Abner\DOWNLO~1\OSS-CA~1\bin\../share/yosys/gowin/cells_sim.v:0$303'.
Creating decoders for process `\DFFE.$proc$c:\Users\Abner\DOWNLO~1\OSS-CA~1\bin\../share/yosys/gowin/cells_sim.v:194$302'.
     1/1: $0\Q[0:0]
Creating decoders for process `\DFF.$proc$c:\Users\Abner\DOWNLO~1\OSS-CA~1\bin\../share/yosys/gowin/cells_sim.v:0$301'.
Creating decoders for process `\DFF.$proc$c:\Users\Abner\DOWNLO~1\OSS-CA~1\bin\../share/yosys/gowin/cells_sim.v:179$300'.
Creating decoders for process `\mult.$proc$../design/mult.sv:50$87'.
     1/3: $0\shift[16:0] [16:9]
     2/3: $0\shift[16:0] [8:1]
     3/3: $0\shift[16:0] [0]
Creating decoders for process `\mult.$proc$../design/mult.sv:0$84'.
     1/1: $1\adder_sub_out[7:0]
Creating decoders for process `\mult.$proc$../design/mult.sv:29$83'.
     1/1: $0\M[7:0]

10.3.8. Executing PROC_DLATCH pass (convert process syncs to latches).
No latch inferred for signal `\mult.\adder_sub_out' from process `\mult.$proc$../design/mult.sv:0$84'.

10.3.9. Executing PROC_DFF pass (convert process syncs to FFs).
Creating register for signal `\ALU.\C' using process `\ALU.$proc$c:\Users\Abner\DOWNLO~1\OSS-CA~1\bin\../share/yosys/gowin/cells_sim.v:661$342'.
  created direct connection (no actual register cell created).
Creating register for signal `\ALU.\S' using process `\ALU.$proc$c:\Users\Abner\DOWNLO~1\OSS-CA~1\bin\../share/yosys/gowin/cells_sim.v:661$342'.
  created direct connection (no actual register cell created).
Creating register for signal `\DFFNCE.\Q' using process `\DFFNCE.$proc$c:\Users\Abner\DOWNLO~1\OSS-CA~1\bin\../share/yosys/gowin/cells_sim.v:535$338'.
  created $adff cell `$procdff$448' with negative edge clock and positive level reset.
Creating register for signal `\DFFNC.\Q' using process `\DFFNC.$proc$c:\Users\Abner\DOWNLO~1\OSS-CA~1\bin\../share/yosys/gowin/cells_sim.v:515$336'.
  created $adff cell `$procdff$449' with negative edge clock and positive level reset.
Creating register for signal `\DFFNPE.\Q' using process `\DFFNPE.$proc$c:\Users\Abner\DOWNLO~1\OSS-CA~1\bin\../share/yosys/gowin/cells_sim.v:496$334'.
  created $adff cell `$procdff$450' with negative edge clock and positive level reset.
Creating register for signal `\DFFNP.\Q' using process `\DFFNP.$proc$c:\Users\Abner\DOWNLO~1\OSS-CA~1\bin\../share/yosys/gowin/cells_sim.v:476$332'.
  created $adff cell `$procdff$451' with negative edge clock and positive level reset.
Creating register for signal `\DFFNRE.\Q' using process `\DFFNRE.$proc$c:\Users\Abner\DOWNLO~1\OSS-CA~1\bin\../share/yosys/gowin/cells_sim.v:457$330'.
  created $dff cell `$procdff$452' with negative edge clock.
Creating register for signal `\DFFNR.\Q' using process `\DFFNR.$proc$c:\Users\Abner\DOWNLO~1\OSS-CA~1\bin\../share/yosys/gowin/cells_sim.v:437$328'.
  created $dff cell `$procdff$453' with negative edge clock.
Creating register for signal `\DFFNSE.\Q' using process `\DFFNSE.$proc$c:\Users\Abner\DOWNLO~1\OSS-CA~1\bin\../share/yosys/gowin/cells_sim.v:418$326'.
  created $dff cell `$procdff$454' with negative edge clock.
Creating register for signal `\DFFNS.\Q' using process `\DFFNS.$proc$c:\Users\Abner\DOWNLO~1\OSS-CA~1\bin\../share/yosys/gowin/cells_sim.v:398$324'.
  created $dff cell `$procdff$455' with negative edge clock.
Creating register for signal `\DFFNE.\Q' using process `\DFFNE.$proc$c:\Users\Abner\DOWNLO~1\OSS-CA~1\bin\../share/yosys/gowin/cells_sim.v:381$322'.
  created $dff cell `$procdff$456' with negative edge clock.
Creating register for signal `\DFFN.\Q' using process `\DFFN.$proc$c:\Users\Abner\DOWNLO~1\OSS-CA~1\bin\../share/yosys/gowin/cells_sim.v:366$320'.
  created $dff cell `$procdff$457' with negative edge clock.
Creating register for signal `\DFFCE.\Q' using process `\DFFCE.$proc$c:\Users\Abner\DOWNLO~1\OSS-CA~1\bin\../share/yosys/gowin/cells_sim.v:348$318'.
  created $adff cell `$procdff$458' with positive edge clock and positive level reset.
Creating register for signal `\DFFC.\Q' using process `\DFFC.$proc$c:\Users\Abner\DOWNLO~1\OSS-CA~1\bin\../share/yosys/gowin/cells_sim.v:328$316'.
  created $adff cell `$procdff$459' with positive edge clock and positive level reset.
Creating register for signal `\DFFPE.\Q' using process `\DFFPE.$proc$c:\Users\Abner\DOWNLO~1\OSS-CA~1\bin\../share/yosys/gowin/cells_sim.v:309$314'.
  created $adff cell `$procdff$460' with positive edge clock and positive level reset.
Creating register for signal `\DFFP.\Q' using process `\DFFP.$proc$c:\Users\Abner\DOWNLO~1\OSS-CA~1\bin\../share/yosys/gowin/cells_sim.v:289$312'.
  created $adff cell `$procdff$461' with positive edge clock and positive level reset.
Creating register for signal `\DFFRE.\Q' using process `\DFFRE.$proc$c:\Users\Abner\DOWNLO~1\OSS-CA~1\bin\../share/yosys/gowin/cells_sim.v:270$310'.
  created $dff cell `$procdff$462' with positive edge clock.
Creating register for signal `\DFFR.\Q' using process `\DFFR.$proc$c:\Users\Abner\DOWNLO~1\OSS-CA~1\bin\../share/yosys/gowin/cells_sim.v:250$308'.
  created $dff cell `$procdff$463' with positive edge clock.
Creating register for signal `\DFFSE.\Q' using process `\DFFSE.$proc$c:\Users\Abner\DOWNLO~1\OSS-CA~1\bin\../share/yosys/gowin/cells_sim.v:231$306'.
  created $dff cell `$procdff$464' with positive edge clock.
Creating register for signal `\DFFS.\Q' using process `\DFFS.$proc$c:\Users\Abner\DOWNLO~1\OSS-CA~1\bin\../share/yosys/gowin/cells_sim.v:211$304'.
  created $dff cell `$procdff$465' with positive edge clock.
Creating register for signal `\DFFE.\Q' using process `\DFFE.$proc$c:\Users\Abner\DOWNLO~1\OSS-CA~1\bin\../share/yosys/gowin/cells_sim.v:194$302'.
  created $dff cell `$procdff$466' with positive edge clock.
Creating register for signal `\DFF.\Q' using process `\DFF.$proc$c:\Users\Abner\DOWNLO~1\OSS-CA~1\bin\../share/yosys/gowin/cells_sim.v:179$300'.
  created $dff cell `$procdff$467' with positive edge clock.
Creating register for signal `\mult.\shift' using process `\mult.$proc$../design/mult.sv:50$87'.
  created $adff cell `$procdff$468' with positive edge clock and positive level reset.
Creating register for signal `\mult.\M' using process `\mult.$proc$../design/mult.sv:29$83'.
  created $adff cell `$procdff$469' with positive edge clock and positive level reset.

10.3.10. Executing PROC_MEMWR pass (convert process memory writes to cells).

10.3.11. Executing PROC_CLEAN pass (remove empty switches from decision trees).
Removing empty process `ALU.$proc$c:\Users\Abner\DOWNLO~1\OSS-CA~1\bin\../share/yosys/gowin/cells_sim.v:661$342'.
Removing empty process `DFFNCE.$proc$c:\Users\Abner\DOWNLO~1\OSS-CA~1\bin\../share/yosys/gowin/cells_sim.v:0$339'.
Found and cleaned up 1 empty switch in `\DFFNCE.$proc$c:\Users\Abner\DOWNLO~1\OSS-CA~1\bin\../share/yosys/gowin/cells_sim.v:535$338'.
Removing empty process `DFFNCE.$proc$c:\Users\Abner\DOWNLO~1\OSS-CA~1\bin\../share/yosys/gowin/cells_sim.v:535$338'.
Removing empty process `DFFNC.$proc$c:\Users\Abner\DOWNLO~1\OSS-CA~1\bin\../share/yosys/gowin/cells_sim.v:0$337'.
Removing empty process `DFFNC.$proc$c:\Users\Abner\DOWNLO~1\OSS-CA~1\bin\../share/yosys/gowin/cells_sim.v:515$336'.
Removing empty process `DFFNPE.$proc$c:\Users\Abner\DOWNLO~1\OSS-CA~1\bin\../share/yosys/gowin/cells_sim.v:0$335'.
Found and cleaned up 1 empty switch in `\DFFNPE.$proc$c:\Users\Abner\DOWNLO~1\OSS-CA~1\bin\../share/yosys/gowin/cells_sim.v:496$334'.
Removing empty process `DFFNPE.$proc$c:\Users\Abner\DOWNLO~1\OSS-CA~1\bin\../share/yosys/gowin/cells_sim.v:496$334'.
Removing empty process `DFFNP.$proc$c:\Users\Abner\DOWNLO~1\OSS-CA~1\bin\../share/yosys/gowin/cells_sim.v:0$333'.
Removing empty process `DFFNP.$proc$c:\Users\Abner\DOWNLO~1\OSS-CA~1\bin\../share/yosys/gowin/cells_sim.v:476$332'.
Removing empty process `DFFNRE.$proc$c:\Users\Abner\DOWNLO~1\OSS-CA~1\bin\../share/yosys/gowin/cells_sim.v:0$331'.
Found and cleaned up 2 empty switches in `\DFFNRE.$proc$c:\Users\Abner\DOWNLO~1\OSS-CA~1\bin\../share/yosys/gowin/cells_sim.v:457$330'.
Removing empty process `DFFNRE.$proc$c:\Users\Abner\DOWNLO~1\OSS-CA~1\bin\../share/yosys/gowin/cells_sim.v:457$330'.
Removing empty process `DFFNR.$proc$c:\Users\Abner\DOWNLO~1\OSS-CA~1\bin\../share/yosys/gowin/cells_sim.v:0$329'.
Found and cleaned up 1 empty switch in `\DFFNR.$proc$c:\Users\Abner\DOWNLO~1\OSS-CA~1\bin\../share/yosys/gowin/cells_sim.v:437$328'.
Removing empty process `DFFNR.$proc$c:\Users\Abner\DOWNLO~1\OSS-CA~1\bin\../share/yosys/gowin/cells_sim.v:437$328'.
Removing empty process `DFFNSE.$proc$c:\Users\Abner\DOWNLO~1\OSS-CA~1\bin\../share/yosys/gowin/cells_sim.v:0$327'.
Found and cleaned up 2 empty switches in `\DFFNSE.$proc$c:\Users\Abner\DOWNLO~1\OSS-CA~1\bin\../share/yosys/gowin/cells_sim.v:418$326'.
Removing empty process `DFFNSE.$proc$c:\Users\Abner\DOWNLO~1\OSS-CA~1\bin\../share/yosys/gowin/cells_sim.v:418$326'.
Removing empty process `DFFNS.$proc$c:\Users\Abner\DOWNLO~1\OSS-CA~1\bin\../share/yosys/gowin/cells_sim.v:0$325'.
Found and cleaned up 1 empty switch in `\DFFNS.$proc$c:\Users\Abner\DOWNLO~1\OSS-CA~1\bin\../share/yosys/gowin/cells_sim.v:398$324'.
Removing empty process `DFFNS.$proc$c:\Users\Abner\DOWNLO~1\OSS-CA~1\bin\../share/yosys/gowin/cells_sim.v:398$324'.
Removing empty process `DFFNE.$proc$c:\Users\Abner\DOWNLO~1\OSS-CA~1\bin\../share/yosys/gowin/cells_sim.v:0$323'.
Found and cleaned up 1 empty switch in `\DFFNE.$proc$c:\Users\Abner\DOWNLO~1\OSS-CA~1\bin\../share/yosys/gowin/cells_sim.v:381$322'.
Removing empty process `DFFNE.$proc$c:\Users\Abner\DOWNLO~1\OSS-CA~1\bin\../share/yosys/gowin/cells_sim.v:381$322'.
Removing empty process `DFFN.$proc$c:\Users\Abner\DOWNLO~1\OSS-CA~1\bin\../share/yosys/gowin/cells_sim.v:0$321'.
Removing empty process `DFFN.$proc$c:\Users\Abner\DOWNLO~1\OSS-CA~1\bin\../share/yosys/gowin/cells_sim.v:366$320'.
Removing empty process `DFFCE.$proc$c:\Users\Abner\DOWNLO~1\OSS-CA~1\bin\../share/yosys/gowin/cells_sim.v:0$319'.
Found and cleaned up 1 empty switch in `\DFFCE.$proc$c:\Users\Abner\DOWNLO~1\OSS-CA~1\bin\../share/yosys/gowin/cells_sim.v:348$318'.
Removing empty process `DFFCE.$proc$c:\Users\Abner\DOWNLO~1\OSS-CA~1\bin\../share/yosys/gowin/cells_sim.v:348$318'.
Removing empty process `DFFC.$proc$c:\Users\Abner\DOWNLO~1\OSS-CA~1\bin\../share/yosys/gowin/cells_sim.v:0$317'.
Removing empty process `DFFC.$proc$c:\Users\Abner\DOWNLO~1\OSS-CA~1\bin\../share/yosys/gowin/cells_sim.v:328$316'.
Removing empty process `DFFPE.$proc$c:\Users\Abner\DOWNLO~1\OSS-CA~1\bin\../share/yosys/gowin/cells_sim.v:0$315'.
Found and cleaned up 1 empty switch in `\DFFPE.$proc$c:\Users\Abner\DOWNLO~1\OSS-CA~1\bin\../share/yosys/gowin/cells_sim.v:309$314'.
Removing empty process `DFFPE.$proc$c:\Users\Abner\DOWNLO~1\OSS-CA~1\bin\../share/yosys/gowin/cells_sim.v:309$314'.
Removing empty process `DFFP.$proc$c:\Users\Abner\DOWNLO~1\OSS-CA~1\bin\../share/yosys/gowin/cells_sim.v:0$313'.
Removing empty process `DFFP.$proc$c:\Users\Abner\DOWNLO~1\OSS-CA~1\bin\../share/yosys/gowin/cells_sim.v:289$312'.
Removing empty process `DFFRE.$proc$c:\Users\Abner\DOWNLO~1\OSS-CA~1\bin\../share/yosys/gowin/cells_sim.v:0$311'.
Found and cleaned up 2 empty switches in `\DFFRE.$proc$c:\Users\Abner\DOWNLO~1\OSS-CA~1\bin\../share/yosys/gowin/cells_sim.v:270$310'.
Removing empty process `DFFRE.$proc$c:\Users\Abner\DOWNLO~1\OSS-CA~1\bin\../share/yosys/gowin/cells_sim.v:270$310'.
Removing empty process `DFFR.$proc$c:\Users\Abner\DOWNLO~1\OSS-CA~1\bin\../share/yosys/gowin/cells_sim.v:0$309'.
Found and cleaned up 1 empty switch in `\DFFR.$proc$c:\Users\Abner\DOWNLO~1\OSS-CA~1\bin\../share/yosys/gowin/cells_sim.v:250$308'.
Removing empty process `DFFR.$proc$c:\Users\Abner\DOWNLO~1\OSS-CA~1\bin\../share/yosys/gowin/cells_sim.v:250$308'.
Removing empty process `DFFSE.$proc$c:\Users\Abner\DOWNLO~1\OSS-CA~1\bin\../share/yosys/gowin/cells_sim.v:0$307'.
Found and cleaned up 2 empty switches in `\DFFSE.$proc$c:\Users\Abner\DOWNLO~1\OSS-CA~1\bin\../share/yosys/gowin/cells_sim.v:231$306'.
Removing empty process `DFFSE.$proc$c:\Users\Abner\DOWNLO~1\OSS-CA~1\bin\../share/yosys/gowin/cells_sim.v:231$306'.
Removing empty process `DFFS.$proc$c:\Users\Abner\DOWNLO~1\OSS-CA~1\bin\../share/yosys/gowin/cells_sim.v:0$305'.
Found and cleaned up 1 empty switch in `\DFFS.$proc$c:\Users\Abner\DOWNLO~1\OSS-CA~1\bin\../share/yosys/gowin/cells_sim.v:211$304'.
Removing empty process `DFFS.$proc$c:\Users\Abner\DOWNLO~1\OSS-CA~1\bin\../share/yosys/gowin/cells_sim.v:211$304'.
Removing empty process `DFFE.$proc$c:\Users\Abner\DOWNLO~1\OSS-CA~1\bin\../share/yosys/gowin/cells_sim.v:0$303'.
Found and cleaned up 1 empty switch in `\DFFE.$proc$c:\Users\Abner\DOWNLO~1\OSS-CA~1\bin\../share/yosys/gowin/cells_sim.v:194$302'.
Removing empty process `DFFE.$proc$c:\Users\Abner\DOWNLO~1\OSS-CA~1\bin\../share/yosys/gowin/cells_sim.v:194$302'.
Removing empty process `DFF.$proc$c:\Users\Abner\DOWNLO~1\OSS-CA~1\bin\../share/yosys/gowin/cells_sim.v:0$301'.
Removing empty process `DFF.$proc$c:\Users\Abner\DOWNLO~1\OSS-CA~1\bin\../share/yosys/gowin/cells_sim.v:179$300'.
Found and cleaned up 3 empty switches in `\mult.$proc$../design/mult.sv:50$87'.
Removing empty process `mult.$proc$../design/mult.sv:50$87'.
Found and cleaned up 1 empty switch in `\mult.$proc$../design/mult.sv:0$84'.
Removing empty process `mult.$proc$../design/mult.sv:0$84'.
Found and cleaned up 1 empty switch in `\mult.$proc$../design/mult.sv:29$83'.
Removing empty process `mult.$proc$../design/mult.sv:29$83'.
Cleaned up 23 empty switches.

10.3.12. Executing OPT_EXPR pass (perform const folding).
Optimizing module mult.

10.4. Executing FLATTEN pass (flatten design).

10.5. Executing TRIBUF pass.

10.6. Executing DEMINOUT pass (demote inout ports to input or output).

10.7. Executing SYNTH pass.

10.7.1. Executing PROC pass (convert processes to netlists).

10.7.1.1. Executing PROC_CLEAN pass (remove empty switches from decision trees).
Cleaned up 0 empty switches.

10.7.1.2. Executing PROC_RMDEAD pass (remove dead branches from decision trees).
Removed a total of 0 dead cases.

10.7.1.3. Executing PROC_PRUNE pass (remove redundant assignments in processes).
Removed 0 redundant assignments.
Promoted 0 assignments to connections.

10.7.1.4. Executing PROC_INIT pass (extract init attributes).

10.7.1.5. Executing PROC_ARST pass (detect async resets in processes).

10.7.1.6. Executing PROC_ROM pass (convert switches to ROMs).
Converted 0 switches.

10.7.1.7. Executing PROC_MUX pass (convert decision trees to multiplexers).

10.7.1.8. Executing PROC_DLATCH pass (convert process syncs to latches).

10.7.1.9. Executing PROC_DFF pass (convert process syncs to FFs).

10.7.1.10. Executing PROC_MEMWR pass (convert process memory writes to cells).

10.7.1.11. Executing PROC_CLEAN pass (remove empty switches from decision trees).
Cleaned up 0 empty switches.

10.7.1.12. Executing OPT_EXPR pass (perform const folding).
Optimizing module mult.

10.7.2. Executing OPT_EXPR pass (perform const folding).
Optimizing module mult.

10.7.3. Executing OPT_CLEAN pass (remove unused cells and wires).
Finding unused cells or wires in module \mult..
Removed 0 unused cells and 14 unused wires.
<suppressed ~1 debug messages>

10.7.4. Executing CHECK pass (checking for obvious problems).
Checking module mult...
Found and reported 0 problems.

10.7.5. Executing OPT pass (performing simple optimizations).

10.7.5.1. Executing OPT_EXPR pass (perform const folding).
Optimizing module mult.

10.7.5.2. Executing OPT_MERGE pass (detect identical cells).
Finding identical cells in module `\mult'.
Removed a total of 0 cells.

10.7.5.3. Executing OPT_MUXTREE pass (detect dead branches in mux trees).
Running muxtree optimizer on module \mult..
  Creating internal representation of mux trees.
  Evaluating internal representation of mux trees.
  Analyzing evaluation results.
Removed 0 multiplexer ports.
<suppressed ~4 debug messages>

10.7.5.4. Executing OPT_REDUCE pass (consolidate $*mux and $reduce_* inputs).
  Optimizing cells in module \mult.
Performed a total of 0 changes.

10.7.5.5. Executing OPT_MERGE pass (detect identical cells).
Finding identical cells in module `\mult'.
Removed a total of 0 cells.

10.7.5.6. Executing OPT_DFF pass (perform DFF optimizations).

10.7.5.7. Executing OPT_CLEAN pass (remove unused cells and wires).
Finding unused cells or wires in module \mult..

10.7.5.8. Executing OPT_EXPR pass (perform const folding).
Optimizing module mult.

10.7.5.9. Finished OPT passes. (There is nothing left to do.)

10.7.6. Executing FSM pass (extract and optimize FSM).

10.7.6.1. Executing FSM_DETECT pass (finding FSMs in design).

10.7.6.2. Executing FSM_EXTRACT pass (extracting FSM from design).

10.7.6.3. Executing FSM_OPT pass (simple optimizations of FSMs).

10.7.6.4. Executing OPT_CLEAN pass (remove unused cells and wires).
Finding unused cells or wires in module \mult..

10.7.6.5. Executing FSM_OPT pass (simple optimizations of FSMs).

10.7.6.6. Executing FSM_RECODE pass (re-assigning FSM state encoding).

10.7.6.7. Executing FSM_INFO pass (dumping all available information on FSM cells).

10.7.6.8. Executing FSM_MAP pass (mapping FSMs to basic logic).

10.7.7. Executing OPT pass (performing simple optimizations).

10.7.7.1. Executing OPT_EXPR pass (perform const folding).
Optimizing module mult.

10.7.7.2. Executing OPT_MERGE pass (detect identical cells).
Finding identical cells in module `\mult'.
Removed a total of 0 cells.

10.7.7.3. Executing OPT_MUXTREE pass (detect dead branches in mux trees).
Running muxtree optimizer on module \mult..
  Creating internal representation of mux trees.
  Evaluating internal representation of mux trees.
  Analyzing evaluation results.
Removed 0 multiplexer ports.
<suppressed ~4 debug messages>

10.7.7.4. Executing OPT_REDUCE pass (consolidate $*mux and $reduce_* inputs).
  Optimizing cells in module \mult.
Performed a total of 0 changes.

10.7.7.5. Executing OPT_MERGE pass (detect identical cells).
Finding identical cells in module `\mult'.
Removed a total of 0 cells.

10.7.7.6. Executing OPT_DFF pass (perform DFF optimizations).
Adding EN signal on $procdff$469 ($adff) from module mult (D = \A, Q = \M).
Adding EN signal on $procdff$468 ($adff) from module mult (D = \adder_sub_out [7], Q = \shift [16]).
Adding EN signal on $procdff$468 ($adff) from module mult (D = \shift [1], Q = \shift [0]).
Adding EN signal on $procdff$468 ($adff) from module mult (D = $0\shift[16:0] [15:9], Q = \shift [15:9]).
Adding EN signal on $procdff$468 ($adff) from module mult (D = $0\shift[16:0] [8:1], Q = \shift [8:1]).

10.7.7.7. Executing OPT_CLEAN pass (remove unused cells and wires).
Finding unused cells or wires in module \mult..
Removed 2 unused cells and 1 unused wires.
<suppressed ~3 debug messages>

10.7.7.8. Executing OPT_EXPR pass (perform const folding).
Optimizing module mult.
<suppressed ~2 debug messages>

10.7.7.9. Rerunning OPT passes. (Maybe there is more to do..)

10.7.7.10. Executing OPT_MUXTREE pass (detect dead branches in mux trees).
Running muxtree optimizer on module \mult..
  Creating internal representation of mux trees.
  Evaluating internal representation of mux trees.
  Analyzing evaluation results.
Removed 0 multiplexer ports.
<suppressed ~3 debug messages>

10.7.7.11. Executing OPT_REDUCE pass (consolidate $*mux and $reduce_* inputs).
  Optimizing cells in module \mult.
Performed a total of 0 changes.

10.7.7.12. Executing OPT_MERGE pass (detect identical cells).
Finding identical cells in module `\mult'.
Removed a total of 0 cells.

10.7.7.13. Executing OPT_DFF pass (perform DFF optimizations).

10.7.7.14. Executing OPT_CLEAN pass (remove unused cells and wires).
Finding unused cells or wires in module \mult..

10.7.7.15. Executing OPT_EXPR pass (perform const folding).
Optimizing module mult.

10.7.7.16. Finished OPT passes. (There is nothing left to do.)

10.7.8. Executing WREDUCE pass (reducing word size of cells).
Removed top 1 bits (of 8) from mux cell mult.$procmux$433 ($mux).
Removed top 1 bits (of 8) from mux cell mult.$procmux$430 ($mux).
Removed top 1 bits (of 17) from wire mult.$0\shift[16:0].
Removed top 5 bits (of 8) from wire mult.$add$../design/mult.sv:46$86_Y.
Removed top 1 bits (of 8) from wire mult.$procmux$430_Y.
Removed top 1 bits (of 8) from wire mult.$sub$../design/mult.sv:44$85_Y.
Removed top 1 bits (of 8) from wire mult.HQ.
Removed top 4 bits (of 17) from wire mult.shift.

10.7.9. Executing PEEPOPT pass (run peephole optimizers).

10.7.10. Executing OPT_CLEAN pass (remove unused cells and wires).
Finding unused cells or wires in module \mult..
Removed 0 unused cells and 5 unused wires.
<suppressed ~1 debug messages>

10.7.11. Executing ALUMACC pass (create $alu and $macc cells).
Extracting $alu and $macc cells in module mult:
  creating $macc model for $add$../design/mult.sv:46$86 ($add).
  creating $macc model for $sub$../design/mult.sv:44$85 ($sub).
  creating $alu model for $macc $sub$../design/mult.sv:44$85.
  creating $alu model for $macc $add$../design/mult.sv:46$86.
  creating $alu cell for $add$../design/mult.sv:46$86: $auto$alumacc.cc:485:replace_alu$489
  creating $alu cell for $sub$../design/mult.sv:44$85: $auto$alumacc.cc:485:replace_alu$492
  created 2 $alu and 0 $macc cells.

10.7.12. Executing SHARE pass (SAT-based resource sharing).

10.7.13. Executing OPT pass (performing simple optimizations).

10.7.13.1. Executing OPT_EXPR pass (perform const folding).
Optimizing module mult.

10.7.13.2. Executing OPT_MERGE pass (detect identical cells).
Finding identical cells in module `\mult'.
Removed a total of 0 cells.

10.7.13.3. Executing OPT_MUXTREE pass (detect dead branches in mux trees).
Running muxtree optimizer on module \mult..
  Creating internal representation of mux trees.
  Evaluating internal representation of mux trees.
  Analyzing evaluation results.
Removed 0 multiplexer ports.
<suppressed ~3 debug messages>

10.7.13.4. Executing OPT_REDUCE pass (consolidate $*mux and $reduce_* inputs).
  Optimizing cells in module \mult.
Performed a total of 0 changes.

10.7.13.5. Executing OPT_MERGE pass (detect identical cells).
Finding identical cells in module `\mult'.
Removed a total of 0 cells.

10.7.13.6. Executing OPT_DFF pass (perform DFF optimizations).

10.7.13.7. Executing OPT_CLEAN pass (remove unused cells and wires).
Finding unused cells or wires in module \mult..

10.7.13.8. Executing OPT_EXPR pass (perform const folding).
Optimizing module mult.

10.7.13.9. Finished OPT passes. (There is nothing left to do.)

10.7.14. Executing MEMORY pass.

10.7.14.1. Executing OPT_MEM pass (optimize memories).
Performed a total of 0 transformations.

10.7.14.2. Executing OPT_MEM_PRIORITY pass (removing unnecessary memory write priority relations).
Performed a total of 0 transformations.

10.7.14.3. Executing OPT_MEM_FEEDBACK pass (finding memory read-to-write feedback paths).

10.7.14.4. Executing MEMORY_BMUX2ROM pass (converting muxes to ROMs).

10.7.14.5. Executing MEMORY_DFF pass (merging $dff cells to $memrd).

10.7.14.6. Executing OPT_CLEAN pass (remove unused cells and wires).
Finding unused cells or wires in module \mult..

10.7.14.7. Executing MEMORY_SHARE pass (consolidating $memrd/$memwr cells).

10.7.14.8. Executing OPT_MEM_WIDEN pass (optimize memories where all ports are wide).
Performed a total of 0 transformations.

10.7.14.9. Executing OPT_CLEAN pass (remove unused cells and wires).
Finding unused cells or wires in module \mult..

10.7.14.10. Executing MEMORY_COLLECT pass (generating $mem cells).

10.7.15. Executing OPT_CLEAN pass (remove unused cells and wires).
Finding unused cells or wires in module \mult..

10.8. Executing MEMORY_LIBMAP pass (mapping memories to cells).

10.9. Executing TECHMAP pass (map to technology primitives).

10.9.1. Executing Verilog-2005 frontend: c:\Users\Abner\DOWNLO~1\OSS-CA~1\bin\../share/yosys/gowin/lutrams_map.v
Parsing Verilog input from `c:\Users\Abner\DOWNLO~1\OSS-CA~1\bin\../share/yosys/gowin/lutrams_map.v' to AST representation.
Generating RTLIL representation for module `\$__GOWIN_LUTRAM_'.
Successfully finished Verilog frontend.

10.9.2. Executing Verilog-2005 frontend: c:\Users\Abner\DOWNLO~1\OSS-CA~1\bin\../share/yosys/gowin/brams_map.v
Parsing Verilog input from `c:\Users\Abner\DOWNLO~1\OSS-CA~1\bin\../share/yosys/gowin/brams_map.v' to AST representation.
Generating RTLIL representation for module `\$__GOWIN_SP_'.
Generating RTLIL representation for module `\$__GOWIN_DP_'.
Generating RTLIL representation for module `\$__GOWIN_SDP_'.
Successfully finished Verilog frontend.

10.9.3. Continuing TECHMAP pass.
No more expansions possible.
<suppressed ~6 debug messages>

10.10. Executing OPT pass (performing simple optimizations).

10.10.1. Executing OPT_EXPR pass (perform const folding).
Optimizing module mult.
<suppressed ~2 debug messages>

10.10.2. Executing OPT_MERGE pass (detect identical cells).
Finding identical cells in module `\mult'.
Removed a total of 0 cells.

10.10.3. Executing OPT_DFF pass (perform DFF optimizations).

10.10.4. Executing OPT_CLEAN pass (remove unused cells and wires).
Finding unused cells or wires in module \mult..
Removed 0 unused cells and 2 unused wires.
<suppressed ~1 debug messages>

10.10.5. Finished fast OPT passes.

10.11. Executing MEMORY_MAP pass (converting memories to logic and flip-flops).

10.12. Executing OPT pass (performing simple optimizations).

10.12.1. Executing OPT_EXPR pass (perform const folding).
Optimizing module mult.

10.12.2. Executing OPT_MERGE pass (detect identical cells).
Finding identical cells in module `\mult'.
Removed a total of 0 cells.

10.12.3. Executing OPT_MUXTREE pass (detect dead branches in mux trees).
Running muxtree optimizer on module \mult..
  Creating internal representation of mux trees.
  Evaluating internal representation of mux trees.
  Analyzing evaluation results.
Removed 0 multiplexer ports.
<suppressed ~3 debug messages>

10.12.4. Executing OPT_REDUCE pass (consolidate $*mux and $reduce_* inputs).
  Optimizing cells in module \mult.
Performed a total of 0 changes.

10.12.5. Executing OPT_MERGE pass (detect identical cells).
Finding identical cells in module `\mult'.
Removed a total of 0 cells.

10.12.6. Executing OPT_DFF pass (perform DFF optimizations).

10.12.7. Executing OPT_CLEAN pass (remove unused cells and wires).
Finding unused cells or wires in module \mult..

10.12.8. Executing OPT_EXPR pass (perform const folding).
Optimizing module mult.

10.12.9. Finished OPT passes. (There is nothing left to do.)

10.13. Executing TECHMAP pass (map to technology primitives).

10.13.1. Executing Verilog-2005 frontend: c:\Users\Abner\DOWNLO~1\OSS-CA~1\bin\../share/yosys/techmap.v
Parsing Verilog input from `c:\Users\Abner\DOWNLO~1\OSS-CA~1\bin\../share/yosys/techmap.v' to AST representation.
Generating RTLIL representation for module `\_90_simplemap_bool_ops'.
Generating RTLIL representation for module `\_90_simplemap_reduce_ops'.
Generating RTLIL representation for module `\_90_simplemap_logic_ops'.
Generating RTLIL representation for module `\_90_simplemap_compare_ops'.
Generating RTLIL representation for module `\_90_simplemap_various'.
Generating RTLIL representation for module `\_90_simplemap_registers'.
Generating RTLIL representation for module `\_90_shift_ops_shr_shl_sshl_sshr'.
Generating RTLIL representation for module `\_90_shift_shiftx'.
Generating RTLIL representation for module `\_90_fa'.
Generating RTLIL representation for module `\_90_lcu'.
Generating RTLIL representation for module `\_90_alu'.
Generating RTLIL representation for module `\_90_macc'.
Generating RTLIL representation for module `\_90_alumacc'.
Generating RTLIL representation for module `\$__div_mod_u'.
Generating RTLIL representation for module `\$__div_mod_trunc'.
Generating RTLIL representation for module `\_90_div'.
Generating RTLIL representation for module `\_90_mod'.
Generating RTLIL representation for module `\$__div_mod_floor'.
Generating RTLIL representation for module `\_90_divfloor'.
Generating RTLIL representation for module `\_90_modfloor'.
Generating RTLIL representation for module `\_90_pow'.
Generating RTLIL representation for module `\_90_pmux'.
Generating RTLIL representation for module `\_90_demux'.
Generating RTLIL representation for module `\_90_lut'.
Successfully finished Verilog frontend.

10.13.2. Executing Verilog-2005 frontend: c:\Users\Abner\DOWNLO~1\OSS-CA~1\bin\../share/yosys/gowin/arith_map.v
Parsing Verilog input from `c:\Users\Abner\DOWNLO~1\OSS-CA~1\bin\../share/yosys/gowin/arith_map.v' to AST representation.
Generating RTLIL representation for module `\_80_gw1n_alu'.
Successfully finished Verilog frontend.

10.13.3. Continuing TECHMAP pass.
Using extmapper simplemap for cells of type $adffe.
Using extmapper simplemap for cells of type $not.
Using extmapper simplemap for cells of type $mux.
Using extmapper simplemap for cells of type $reduce_and.
Using extmapper simplemap for cells of type $reduce_bool.
Using template $paramod$08c2d337fba0d8fba53e35b89be96dd105931d9e\_80_gw1n_alu for cells of type $alu.
Using extmapper simplemap for cells of type $xor.
Using extmapper simplemap for cells of type $pos.
No more expansions possible.
<suppressed ~128 debug messages>

10.14. Executing OPT pass (performing simple optimizations).

10.14.1. Executing OPT_EXPR pass (perform const folding).
Optimizing module mult.
<suppressed ~16 debug messages>

10.14.2. Executing OPT_MERGE pass (detect identical cells).
Finding identical cells in module `\mult'.
<suppressed ~24 debug messages>
Removed a total of 8 cells.

10.14.3. Executing OPT_DFF pass (perform DFF optimizations).

10.14.4. Executing OPT_CLEAN pass (remove unused cells and wires).
Finding unused cells or wires in module \mult..
Removed 8 unused cells and 48 unused wires.
<suppressed ~9 debug messages>

10.14.5. Finished fast OPT passes.

10.15. Executing IOPADMAP pass (mapping inputs/outputs to IO-PAD cells).
Mapping port mult.A using IBUF.
Mapping port mult.B using IBUF.
Mapping port mult.Q_LSB using OBUF.
Mapping port mult.Y using OBUF.
Mapping port mult.clk using IBUF.
Mapping port mult.mult_control using IBUF.
Mapping port mult.rst using IBUF.

10.16. Executing OPT_CLEAN pass (remove unused cells and wires).
Finding unused cells or wires in module \mult..
Removed 0 unused cells and 1 unused wires.
<suppressed ~1 debug messages>

10.17. Executing DFFLEGALIZE pass (convert FFs to types supported by the target).

10.18. Executing TECHMAP pass (map to technology primitives).

10.18.1. Executing Verilog-2005 frontend: c:\Users\Abner\DOWNLO~1\OSS-CA~1\bin\../share/yosys/gowin/cells_map.v
Parsing Verilog input from `c:\Users\Abner\DOWNLO~1\OSS-CA~1\bin\../share/yosys/gowin/cells_map.v' to AST representation.
Generating RTLIL representation for module `\$_DFF_N_'.
Generating RTLIL representation for module `\$_DFF_P_'.
Generating RTLIL representation for module `\$_DFFE_PP_'.
Generating RTLIL representation for module `\$_DFFE_NP_'.
Generating RTLIL representation for module `\$_SDFF_PP0_'.
Generating RTLIL representation for module `\$_SDFF_NP0_'.
Generating RTLIL representation for module `\$_SDFFE_PP0P_'.
Generating RTLIL representation for module `\$_SDFFE_NP0P_'.
Generating RTLIL representation for module `\$_SDFF_PP1_'.
Generating RTLIL representation for module `\$_SDFF_NP1_'.
Generating RTLIL representation for module `\$_SDFFE_PP1P_'.
Generating RTLIL representation for module `\$_SDFFE_NP1P_'.
Generating RTLIL representation for module `\$_DFF_PP1_'.
Generating RTLIL representation for module `\$_DFF_NP1_'.
Generating RTLIL representation for module `\$_DFF_PP0_'.
Generating RTLIL representation for module `\$_DFF_NP0_'.
Generating RTLIL representation for module `\$_DFFE_PP1P_'.
Generating RTLIL representation for module `\$_DFFE_NP1P_'.
Generating RTLIL representation for module `\$_DFFE_PP0P_'.
Generating RTLIL representation for module `\$_DFFE_NP0P_'.
Generating RTLIL representation for module `\$lut'.
Successfully finished Verilog frontend.

10.18.2. Continuing TECHMAP pass.
Using template \$_DFFE_PP0P_ for cells of type $_DFFE_PP0P_.
No more expansions possible.
<suppressed ~48 debug messages>

10.19. Executing OPT_EXPR pass (perform const folding).
Optimizing module mult.

10.20. Executing SIMPLEMAP pass (map simple cells to gate primitives).

10.21. Executing ABC pass (technology mapping using ABC).

10.21.1. Extracting gate netlist of module `\mult' to `<abc-temp-dir>/input.blif'..
Extracted 27 gates and 70 wires to a netlist network with 43 inputs and 19 outputs.

10.21.1.1. Executing ABC.
Running ABC command: "<yosys-exe-dir>/yosys-abc" -s -f <abc-temp-dir>/abc.script 2>&1
ABC: ABC command line: "source <abc-temp-dir>/abc.script".
ABC: 
ABC: + read_blif <abc-temp-dir>/input.blif 
ABC: + read_lut <abc-temp-dir>/lutdefs.txt 
ABC: + strash 
ABC: + &get -n 
ABC: + &fraig -x 
ABC: + &put 
ABC: + scorr 
ABC: Warning: The network is combinational (run "fraig" or "fraig_sweep").
ABC: + dc2 
ABC: + dretime 
ABC: + strash 
ABC: + dch -f 
ABC: + if 
ABC: + mfs2 
ABC: + write_blif <abc-temp-dir>/output.blif 

10.21.1.2. Re-integrating ABC results.
ABC RESULTS:              $lut cells:       19
ABC RESULTS:        internal signals:        8
ABC RESULTS:           input signals:       43
ABC RESULTS:          output signals:       19
Removing temp directory.
Removed 0 unused cells and 202 unused wires.

10.22. Executing TECHMAP pass (map to technology primitives).

10.22.1. Executing Verilog-2005 frontend: c:\Users\Abner\DOWNLO~1\OSS-CA~1\bin\../share/yosys/gowin/cells_map.v
Parsing Verilog input from `c:\Users\Abner\DOWNLO~1\OSS-CA~1\bin\../share/yosys/gowin/cells_map.v' to AST representation.
Generating RTLIL representation for module `\$_DFF_N_'.
Generating RTLIL representation for module `\$_DFF_P_'.
Generating RTLIL representation for module `\$_DFFE_PP_'.
Generating RTLIL representation for module `\$_DFFE_NP_'.
Generating RTLIL representation for module `\$_SDFF_PP0_'.
Generating RTLIL representation for module `\$_SDFF_NP0_'.
Generating RTLIL representation for module `\$_SDFFE_PP0P_'.
Generating RTLIL representation for module `\$_SDFFE_NP0P_'.
Generating RTLIL representation for module `\$_SDFF_PP1_'.
Generating RTLIL representation for module `\$_SDFF_NP1_'.
Generating RTLIL representation for module `\$_SDFFE_PP1P_'.
Generating RTLIL representation for module `\$_SDFFE_NP1P_'.
Generating RTLIL representation for module `\$_DFF_PP1_'.
Generating RTLIL representation for module `\$_DFF_NP1_'.
Generating RTLIL representation for module `\$_DFF_PP0_'.
Generating RTLIL representation for module `\$_DFF_NP0_'.
Generating RTLIL representation for module `\$_DFFE_PP1P_'.
Generating RTLIL representation for module `\$_DFFE_NP1P_'.
Generating RTLIL representation for module `\$_DFFE_PP0P_'.
Generating RTLIL representation for module `\$_DFFE_NP0P_'.
Generating RTLIL representation for module `\$lut'.
Successfully finished Verilog frontend.

10.22.2. Continuing TECHMAP pass.
Using template $paramod$478e33feeac3aa53ff57d491aada044b8aedceae\$lut for cells of type $lut.
Using template $paramod$af763bca85949884aefa417266a961f9c91132de\$lut for cells of type $lut.
Using template $paramod\$lut\WIDTH=32'00000000000000000000000000000011\LUT=8'11001010 for cells of type $lut.
Using template $paramod\$lut\WIDTH=32'00000000000000000000000000000010\LUT=4'1110 for cells of type $lut.
Using template $paramod\$lut\WIDTH=32'00000000000000000000000000000010\LUT=4'0100 for cells of type $lut.
Using template $paramod$ecc8f136f6aed415e047a0ef706f98ca5d1ce334\$lut for cells of type $lut.
Using template $paramod$e4e96a5dece796d779288739da28d0f9a19e7c8a\$lut for cells of type $lut.
Using template $paramod$88bbf73d3bae4dce6ae37a3f9903995c7026b6eb\$lut for cells of type $lut.
No more expansions possible.
<suppressed ~160 debug messages>

10.23. Executing OPT_LUT_INS pass (discard unused LUT inputs).
Optimizing LUTs in mult.
  Optimizing lut $abc$895$auto$blifparse.cc:525:parse_blif$913.genblk1.genblk1.genblk1.genblk1.genblk1.lut0 (4 -> 3)
  Optimizing lut $abc$895$auto$blifparse.cc:525:parse_blif$908.genblk1.genblk1.genblk1.genblk1.genblk1.lut1 (4 -> 1)
  Optimizing lut $abc$895$auto$blifparse.cc:525:parse_blif$909.genblk1.genblk1.genblk1.genblk1.genblk1.lut0 (4 -> 3)
  Optimizing lut $abc$895$auto$blifparse.cc:525:parse_blif$912.genblk1.genblk1.genblk1.genblk1.genblk1.lut0 (4 -> 3)
  Optimizing lut $abc$895$auto$blifparse.cc:525:parse_blif$908.genblk1.genblk1.genblk1.genblk1.genblk1.lut0 (4 -> 3)
  Optimizing lut $abc$895$auto$blifparse.cc:525:parse_blif$914.genblk1.genblk1.genblk1.genblk1.genblk1.lut1 (4 -> 1)
  Optimizing lut $abc$895$auto$blifparse.cc:525:parse_blif$914.genblk1.genblk1.genblk1.genblk1.genblk1.lut0 (4 -> 3)
  Optimizing lut $abc$895$auto$blifparse.cc:525:parse_blif$913.genblk1.genblk1.genblk1.genblk1.genblk1.lut1 (4 -> 1)
  Optimizing lut $abc$895$auto$blifparse.cc:525:parse_blif$910.genblk1.genblk1.genblk1.genblk1.genblk1.lut0 (4 -> 3)
  Optimizing lut $abc$895$auto$blifparse.cc:525:parse_blif$911.genblk1.genblk1.genblk1.genblk1.genblk1.lut0 (4 -> 3)
  Optimizing lut $abc$895$auto$blifparse.cc:525:parse_blif$911.genblk1.genblk1.genblk1.genblk1.genblk1.lut1 (4 -> 1)
  Optimizing lut $abc$895$auto$blifparse.cc:525:parse_blif$909.genblk1.genblk1.genblk1.genblk1.genblk1.lut1 (4 -> 1)
  Optimizing lut $abc$895$auto$blifparse.cc:525:parse_blif$910.genblk1.genblk1.genblk1.genblk1.genblk1.lut1 (4 -> 1)
  Optimizing lut $abc$895$auto$blifparse.cc:525:parse_blif$912.genblk1.genblk1.genblk1.genblk1.genblk1.lut1 (4 -> 1)

10.24. Executing SETUNDEF pass (replace undef values with defined constants).

10.25. Executing HILOMAP pass (mapping to constant drivers).
Removed 0 unused cells and 64 unused wires.

10.26. Executing AUTONAME pass.
Renamed 808 objects in module mult (18 iterations).
<suppressed ~162 debug messages>

10.27. Executing HIERARCHY pass (managing design hierarchy).

10.27.1. Analyzing design hierarchy..
Top module:  \mult

10.27.2. Analyzing design hierarchy..
Top module:  \mult
Removed 0 unused modules.

10.28. Printing statistics.

=== mult ===

   Number of wires:                 58
   Number of wire bits:            245
   Number of public wires:          58
   Number of public wire bits:     245
   Number of memories:               0
   Number of memory bits:            0
   Number of processes:              0
   Number of cells:                117
     ALU                            16
     DFFCE                          25
     GND                             1
     IBUF                           23
     LUT1                            7
     LUT2                            3
     LUT3                           16
     MUX2_LUT5                       7
     OBUF                           18
     VCC                             1

10.29. Executing CHECK pass (checking for obvious problems).
Checking module mult...
Found and reported 0 problems.

10.30. Executing JSON backend.

Warnings: 4 unique messages, 4 total
End of script. Logfile hash: 566b71471d
Yosys 0.26+1 (git sha1 b1a011138, x86_64-w64-mingw32-g++ 9.2.1 -Os)
Time spent: 1% 18x read_verilog (0 sec), 1% 15x opt_expr (0 sec), ...
